<?xml version="1.0" encoding="UTF-8"?>
<testsuite name="TestSuite" time="33.354" tests="2" errors="0" skipped="1" failures="1">
  <properties>
    <property name="java.vendor" value="Oracle Corporation"/>
    <property name="JOB_NAME" value="Maven Local"/>
    <property name="localRepository" value="C:\Users\mohamed.ossama\.m2\repository"/>
    <property name="JAVA_PATH" value="C:\Program Files\Java\jre1.8.0_151\bin"/>
    <property name="sun.java.launcher" value="SUN_STANDARD"/>
    <property name="NUMBER_OF_PROCESSORS" value="4"/>
    <property name="sun.management.compiler" value="HotSpot 64-Bit Tiered Compilers"/>
    <property name="JENKINS_HOME" value="C:\Users\mohamed.ossama\.jenkins"/>
    <property name="HUDSON_SERVER_COOKIE" value="43da980aa90f5807"/>
    <property name="os.name" value="Windows 8.1"/>
    <property name="sun.boot.class.path" value="C:\Program Files\Java\jdk1.8.0_151\jre\lib\resources.jar;C:\Program Files\Java\jdk1.8.0_151\jre\lib\rt.jar;C:\Program Files\Java\jdk1.8.0_151\jre\lib\sunrsasign.jar;C:\Program Files\Java\jdk1.8.0_151\jre\lib\jsse.jar;C:\Program Files\Java\jdk1.8.0_151\jre\lib\jce.jar;C:\Program Files\Java\jdk1.8.0_151\jre\lib\charsets.jar;C:\Program Files\Java\jdk1.8.0_151\jre\lib\jfr.jar;C:\Program Files\Java\jdk1.8.0_151\jre\classes"/>
    <property name="EXECUTOR_NUMBER" value="1"/>
    <property name="sun.desktop" value="windows"/>
    <property name="PATHEXT" value=".COM;.EXE;.BAT;.CMD;.VBS;.VBE;.JS;.JSE;.WSF;.WSH;.MSC"/>
    <property name="java.vm.specification.vendor" value="Oracle Corporation"/>
    <property name="NODE_LABELS" value="master"/>
    <property name="TEMP" value="C:\Users\MOHAME~1.OSS\AppData\Local\Temp"/>
    <property name="java.runtime.version" value="1.8.0_151-b12"/>
    <property name="user.name" value="mohamed.ossama"/>
    <property name="guice.disable.misplaced.annotation.check" value="true"/>
    <property name="CommonProgramW6432" value="C:\Program Files\Common Files"/>
    <property name="ProgramFiles" value="C:\Program Files"/>
    <property name="PROMPT" value="$P$G"/>
    <property name="user.language" value="en"/>
    <property name="JOB_BASE_NAME" value="Maven Local"/>
    <property name="RUN_CHANGES_DISPLAY_URL" value="http://unconfigured-jenkins-location/job/Maven%20Local/2/display/redirect?page=changes"/>
    <property name="BUILD_DISPLAY_NAME" value="#2"/>
    <property name="sun.boot.library.path" value="C:\Program Files\Java\jdk1.8.0_151\jre\bin"/>
    <property name="LOCALAPPDATA" value="C:\Users\mohamed.ossama\AppData\Local"/>
    <property name="java.version" value="1.8.0_151"/>
    <property name="PROCESSOR_LEVEL" value="6"/>
    <property name="user.timezone" value="Africa/Cairo"/>
    <property name="USERNAME" value="mohamed.ossama"/>
    <property name="sun.arch.data.model" value="64"/>
    <property name="NODE_NAME" value="master"/>
    <property name="java.endorsed.dirs" value="C:\Program Files\Java\jdk1.8.0_151\jre\lib\endorsed"/>
    <property name="BUILD_ID" value="2"/>
    <property name="sun.cpu.isalist" value="amd64"/>
    <property name="sun.jnu.encoding" value="Cp1256"/>
    <property name="file.encoding.pkg" value="sun.io"/>
    <property name="file.separator" value="\"/>
    <property name="java.specification.name" value="Java Platform API Specification"/>
    <property name="HOMEDRIVE" value="C:"/>
    <property name="maven.conf" value="C:\Users\mohamed.ossama\.jenkins\tools\hudson.tasks.Maven_MavenInstallation\maven\conf"/>
    <property name="java.class.version" value="52.0"/>
    <property name="=::" value="::\"/>
    <property name="MVN_HOME" value="E:\New Appium\apache-maven-3.5.2"/>
    <property name="org.slf4j.simpleLogger.defaultLogLevel" value="info"/>
    <property name="user.country" value="US"/>
    <property name="ALLUSERSPROFILE" value="C:\ProgramData"/>
    <property name="java.home" value="C:\Program Files\Java\jdk1.8.0_151\jre"/>
    <property name="java.vm.info" value="mixed mode"/>
    <property name="os.version" value="6.3"/>
    <property name="RUN_DISPLAY_URL" value="http://unconfigured-jenkins-location/job/Maven%20Local/2/display/redirect"/>
    <property name="TMP" value="C:\Users\MOHAME~1.OSS\AppData\Local\Temp"/>
    <property name="path.separator" value=";"/>
    <property name="java.vm.version" value="25.151-b12"/>
    <property name="user.variant" value=""/>
    <property name="JOB_DISPLAY_URL" value="http://unconfigured-jenkins-location/job/Maven%20Local/display/redirect"/>
    <property name="CommonProgramFiles(x86)" value="C:\Program Files (x86)\Common Files"/>
    <property name="USERDOMAIN_ROAMINGPROFILE" value="INTELLISEC-ME"/>
    <property name="java.awt.printerjob" value="sun.awt.windows.WPrinterJob"/>
    <property name="FP_NO_HOST_CHECK" value="NO"/>
    <property name="JAVA_HOME" value="C:\Program Files\Java\jdk1.8.0_151"/>
    <property name="sun.io.unicode.encoding" value="UnicodeLittle"/>
    <property name="CommonProgramFiles" value="C:\Program Files\Common Files"/>
    <property name="ComSpec" value="C:\Windows\system32\cmd.exe"/>
    <property name="HOMEPATH" value="\Users\mohamed.ossama"/>
    <property name="awt.toolkit" value="sun.awt.windows.WToolkit"/>
    <property name="USERDNSDOMAIN" value="INTELLISEC-ME.COM"/>
    <property name="user.script" value=""/>
    <property name="COMPUTERNAME" value="MOHAMED-OSSAMA"/>
    <property name="VBOX_MSI_INSTALL_PATH" value="C:\Program Files\Oracle\VirtualBox\"/>
    <property name="user.home" value="C:\Users\mohamed.ossama"/>
    <property name="PUBLIC" value="C:\Users\Public"/>
    <property name="BUILD_TAG" value="jenkins-Maven Local-2"/>
    <property name="JENKINS_SERVER_COOKIE" value="43da980aa90f5807"/>
    <property name="ProgramData" value="C:\ProgramData"/>
    <property name="java.specification.vendor" value="Oracle Corporation"/>
    <property name="USERPROFILE" value="C:\Users\mohamed.ossama"/>
    <property name="CLASSPATH" value=""/>
    <property name="java.vendor.url" value="http://java.oracle.com/"/>
    <property name="java.library.path" value="C:\Program Files\Java\jdk1.8.0_151\bin;C:\Windows\Sun\Java\bin;C:\Windows\system32;C:\Windows;C:\Users\mohamed.ossama\.jenkins\tools\hudson.tasks.Maven_MavenInstallation\maven/bin;C:\Program Files\Java\jdk1.8.0_151/bin;C:\Program Files\Java\jdk1.8.0_151/bin;C:\ProgramData\Oracle\Java\javapath;C:\Program Files\Java\jdk1.8.0_151\bin;D:\SDK\platform-tools;C:\Program Files\Java\jre1.8.0_151\bin;C:\Program Files\nodejs\;E:\New Appium\apache-maven-3.5.2\bin;C:\Program Files (x86)\Microsoft Emulator Manager\1.0\;C:\Program Files\OpenVPN\bin;C:\Program Files\Git\cmd;C:\Program Files\Git\mingw64\bin;C:\Program Files\Git\cmd;C:\AppServ\Apache24\bin;C:\AppServ\php5;C:\AppServ\MySQL\bin;C:\Users\mohamed.ossama\AppData\Roaming\npm;C:\Users\mohamed.ossama\AppData\Local\Programs\Fiddler;C:\Program Files\Git\cmd;."/>
    <property name="java.vm.vendor" value="Oracle Corporation"/>
    <property name="APPDATA" value="C:\Users\mohamed.ossama\AppData\Roaming"/>
    <property name="java.runtime.name" value="Java(TM) SE Runtime Environment"/>
    <property name="maven.home" value="C:\Users\mohamed.ossama\.jenkins\tools\hudson.tasks.Maven_MavenInstallation\maven"/>
    <property name="java.class.path" value="C:\Users\mohamed.ossama\.jenkins\plugins\maven-plugin\WEB-INF\lib\maven35-agent-1.12-alpha-1.jar;C:\Users\mohamed.ossama\.jenkins\tools\hudson.tasks.Maven_MavenInstallation\maven\boot\plexus-classworlds-2.5.2.jar;C:\Users\mohamed.ossama\.jenkins\tools\hudson.tasks.Maven_MavenInstallation\maven/conf/logging"/>
    <property name="sun.java.command" value="jenkins.maven3.agent.Maven35Main C:\Users\mohamed.ossama\.jenkins\tools\hudson.tasks.Maven_MavenInstallation\maven C:\Users\mohamed.ossama\.jenkins\war\WEB-INF\lib\remoting-3.17.jar C:\Users\mohamed.ossama\.jenkins\plugins\maven-plugin\WEB-INF\lib\maven35-interceptor-1.12-alpha-1.jar C:\Users\mohamed.ossama\.jenkins\plugins\maven-plugin\WEB-INF\lib\maven3-interceptor-commons-1.12-alpha-1.jar 54815"/>
    <property name="Path" value="C:\Program Files\Java\jdk1.8.0_151/bin;C:\ProgramData\Oracle\Java\javapath;C:\Program Files\Java\jdk1.8.0_151\bin;D:\SDK\platform-tools;C:\Program Files\Java\jre1.8.0_151\bin;C:\Program Files\nodejs\;E:\New Appium\apache-maven-3.5.2\bin;C:\Program Files (x86)\Microsoft Emulator Manager\1.0\;C:\Program Files\OpenVPN\bin;C:\Program Files\Git\cmd;C:\Program Files\Git\mingw64\bin;C:\Program Files\Git\cmd;C:\AppServ\Apache24\bin;C:\AppServ\php5;C:\AppServ\MySQL\bin;C:\Users\mohamed.ossama\AppData\Roaming\npm;C:\Users\mohamed.ossama\AppData\Local\Programs\Fiddler;C:\Program Files\Git\cmd"/>
    <property name="java.vm.specification.name" value="Java Virtual Machine Specification"/>
    <property name="PROCESSOR_ARCHITECTURE" value="AMD64"/>
    <property name="PATH+JDK" value="C:\Program Files\Java\jdk1.8.0_151/bin"/>
    <property name="PROCESSOR_IDENTIFIER" value="Intel64 Family 6 Model 60 Stepping 3, GenuineIntel"/>
    <property name="SESSIONNAME" value="Console"/>
    <property name="java.vm.specification.version" value="1.8"/>
    <property name="sun.os.patch.level" value=""/>
    <property name="sun.cpu.endian" value="little"/>
    <property name="M2_HOME" value="C:\Users\mohamed.ossama\.jenkins\tools\hudson.tasks.Maven_MavenInstallation\maven"/>
    <property name="surefire.test.class.path" value="C:\Users\mohamed.ossama\eclipse-workspace\mavenID\target\test-classes;C:\Users\mohamed.ossama\eclipse-workspace\mavenID\target\classes;C:\Users\mohamed.ossama\.m2\repository\io\appium\java-client\6.0.0-BETA4\java-client-6.0.0-BETA4.jar;C:\Users\mohamed.ossama\.m2\repository\org\seleniumhq\selenium\selenium-java\3.9.1\selenium-java-3.9.1.jar;C:\Users\mohamed.ossama\.m2\repository\org\seleniumhq\selenium\selenium-chrome-driver\3.9.1\selenium-chrome-driver-3.9.1.jar;C:\Users\mohamed.ossama\.m2\repository\org\seleniumhq\selenium\selenium-edge-driver\3.9.1\selenium-edge-driver-3.9.1.jar;C:\Users\mohamed.ossama\.m2\repository\org\seleniumhq\selenium\selenium-firefox-driver\3.9.1\selenium-firefox-driver-3.9.1.jar;C:\Users\mohamed.ossama\.m2\repository\org\seleniumhq\selenium\selenium-ie-driver\3.9.1\selenium-ie-driver-3.9.1.jar;C:\Users\mohamed.ossama\.m2\repository\org\seleniumhq\selenium\selenium-opera-driver\3.9.1\selenium-opera-driver-3.9.1.jar;C:\Users\mohamed.ossama\.m2\repository\org\seleniumhq\selenium\selenium-remote-driver\3.9.1\selenium-remote-driver-3.9.1.jar;C:\Users\mohamed.ossama\.m2\repository\org\seleniumhq\selenium\selenium-safari-driver\3.9.1\selenium-safari-driver-3.9.1.jar;C:\Users\mohamed.ossama\.m2\repository\net\bytebuddy\byte-buddy\1.7.9\byte-buddy-1.7.9.jar;C:\Users\mohamed.ossama\.m2\repository\org\apache\commons\commons-exec\1.3\commons-exec-1.3.jar;C:\Users\mohamed.ossama\.m2\repository\commons-codec\commons-codec\1.10\commons-codec-1.10.jar;C:\Users\mohamed.ossama\.m2\repository\commons-logging\commons-logging\1.2\commons-logging-1.2.jar;C:\Users\mohamed.ossama\.m2\repository\com\google\guava\guava\23.6-jre\guava-23.6-jre.jar;C:\Users\mohamed.ossama\.m2\repository\com\google\code\findbugs\jsr305\1.3.9\jsr305-1.3.9.jar;C:\Users\mohamed.ossama\.m2\repository\org\checkerframework\checker-compat-qual\2.0.0\checker-compat-qual-2.0.0.jar;C:\Users\mohamed.ossama\.m2\repository\com\google\errorprone\error_prone_annotations\2.1.3\error_prone_annotations-2.1.3.jar;C:\Users\mohamed.ossama\.m2\repository\com\google\j2objc\j2objc-annotations\1.1\j2objc-annotations-1.1.jar;C:\Users\mohamed.ossama\.m2\repository\org\codehaus\mojo\animal-sniffer-annotations\1.14\animal-sniffer-annotations-1.14.jar;C:\Users\mohamed.ossama\.m2\repository\org\apache\httpcomponents\httpcore\4.4.6\httpcore-4.4.6.jar;C:\Users\mohamed.ossama\.m2\repository\com\squareup\okhttp3\okhttp\3.9.1\okhttp-3.9.1.jar;C:\Users\mohamed.ossama\.m2\repository\com\squareup\okio\okio\1.13.0\okio-1.13.0.jar;C:\Users\mohamed.ossama\.m2\repository\org\seleniumhq\selenium\selenium-support\3.9.1\selenium-support-3.9.1.jar;C:\Users\mohamed.ossama\.m2\repository\org\seleniumhq\selenium\selenium-api\3.9.1\selenium-api-3.9.1.jar;C:\Users\mohamed.ossama\.m2\repository\com\google\code\gson\gson\2.8.2\gson-2.8.2.jar;C:\Users\mohamed.ossama\.m2\repository\org\apache\httpcomponents\httpclient\4.5.5\httpclient-4.5.5.jar;C:\Users\mohamed.ossama\.m2\repository\cglib\cglib\3.2.6\cglib-3.2.6.jar;C:\Users\mohamed.ossama\.m2\repository\org\ow2\asm\asm\6.0\asm-6.0.jar;C:\Users\mohamed.ossama\.m2\repository\org\apache\ant\ant\1.9.6\ant-1.9.6.jar;C:\Users\mohamed.ossama\.m2\repository\org\apache\ant\ant-launcher\1.9.6\ant-launcher-1.9.6.jar;C:\Users\mohamed.ossama\.m2\repository\commons-validator\commons-validator\1.6\commons-validator-1.6.jar;C:\Users\mohamed.ossama\.m2\repository\commons-beanutils\commons-beanutils\1.9.2\commons-beanutils-1.9.2.jar;C:\Users\mohamed.ossama\.m2\repository\commons-digester\commons-digester\1.8.1\commons-digester-1.8.1.jar;C:\Users\mohamed.ossama\.m2\repository\commons-collections\commons-collections\3.2.2\commons-collections-3.2.2.jar;C:\Users\mohamed.ossama\.m2\repository\org\apache\commons\commons-lang3\3.7\commons-lang3-3.7.jar;C:\Users\mohamed.ossama\.m2\repository\commons-io\commons-io\2.6\commons-io-2.6.jar;C:\Users\mohamed.ossama\.m2\repository\org\springframework\spring-context\5.0.3.RELEASE\spring-context-5.0.3.RELEASE.jar;C:\Users\mohamed.ossama\.m2\repository\org\springframework\spring-aop\5.0.3.RELEASE\spring-aop-5.0.3.RELEASE.jar;C:\Users\mohamed.ossama\.m2\repository\org\springframework\spring-beans\5.0.3.RELEASE\spring-beans-5.0.3.RELEASE.jar;C:\Users\mohamed.ossama\.m2\repository\org\springframework\spring-core\5.0.3.RELEASE\spring-core-5.0.3.RELEASE.jar;C:\Users\mohamed.ossama\.m2\repository\org\springframework\spring-jcl\5.0.3.RELEASE\spring-jcl-5.0.3.RELEASE.jar;C:\Users\mohamed.ossama\.m2\repository\org\springframework\spring-expression\5.0.3.RELEASE\spring-expression-5.0.3.RELEASE.jar;C:\Users\mohamed.ossama\.m2\repository\org\aspectj\aspectjweaver\1.8.13\aspectjweaver-1.8.13.jar;C:\Users\mohamed.ossama\.m2\repository\org\openpnp\opencv\3.2.0-1\opencv-3.2.0-1.jar;C:\Users\mohamed.ossama\.m2\repository\org\testng\testng\6.14.3\testng-6.14.3.jar;C:\Users\mohamed.ossama\.m2\repository\com\beust\jcommander\1.72\jcommander-1.72.jar;C:\Users\mohamed.ossama\.m2\repository\org\apache-extras\beanshell\bsh\2.0b6\bsh-2.0b6.jar;C:\Users\mohamed.ossama\.m2\repository\org\apache\maven\surefire\surefire-testng-utils\2.17\surefire-testng-utils-2.17.jar;C:\Users\mohamed.ossama\.m2\repository\org\apache\maven\surefire\surefire-grouper\2.17\surefire-grouper-2.17.jar;"/>
    <property name="java.io.tmpdir" value="C:\Users\MOHAME~1.OSS\AppData\Local\Temp\"/>
    <property name="OS" value="Windows_NT"/>
    <property name="HUDSON_HOME" value="C:\Users\mohamed.ossama\.jenkins"/>
    <property name="PATH+MAVEN" value="C:\Users\mohamed.ossama\.jenkins\tools\hudson.tasks.Maven_MavenInstallation\maven/bin"/>
    <property name="ProgramFiles(x86)" value="C:\Program Files (x86)"/>
    <property name="java.vendor.url.bug" value="http://bugreport.sun.com/bugreport/"/>
    <property name="java.awt.graphicsenv" value="sun.awt.Win32GraphicsEnvironment"/>
    <property name="os.arch" value="amd64"/>
    <property name="SystemRoot" value="C:\Windows"/>
    <property name="java.ext.dirs" value="C:\Program Files\Java\jdk1.8.0_151\jre\lib\ext;C:\Windows\Sun\Java\lib\ext"/>
    <property name="user.dir" value="C:\Users\mohamed.ossama\eclipse-workspace\mavenID"/>
    <property name="LOGONSERVER" value="\\INTELLISC-DC"/>
    <property name="USERDOMAIN" value="INTELLISEC-ME"/>
    <property name="line.separator" value="&#10;"/>
    <property name="MAVEN_HOME" value="C:\Users\mohamed.ossama\.jenkins\tools\hudson.tasks.Maven_MavenInstallation\maven"/>
    <property name="java.vm.name" value="Java HotSpot(TM) 64-Bit Server VM"/>
    <property name="BUILD_NUMBER" value="2"/>
    <property name="ANDROID_HOME" value="D:\SDK"/>
    <property name="PROCESSOR_REVISION" value="3c03"/>
    <property name="basedir" value="C:\Users\mohamed.ossama\eclipse-workspace\mavenID"/>
    <property name="ProgramW6432" value="C:\Program Files"/>
    <property name="windir" value="C:\Windows"/>
    <property name="=C:" value="C:\"/>
    <property name="file.encoding" value="Cp1256"/>
    <property name="SystemDrive" value="C:"/>
    <property name="maven3.interceptor" value="C:\Users\mohamed.ossama\.jenkins\plugins\maven-plugin\WEB-INF\lib\maven35-interceptor-1.12-alpha-1.jar"/>
    <property name="WORKSPACE" value="C:\Users\mohamed.ossama\.jenkins\workspace\Maven Local"/>
    <property name="maven3.interceptor.common" value="C:\Users\mohamed.ossama\.jenkins\plugins\maven-plugin\WEB-INF\lib\maven3-interceptor-commons-1.12-alpha-1.jar"/>
    <property name="java.specification.version" value="1.8"/>
    <property name="PSModulePath" value="C:\Windows\system32\WindowsPowerShell\v1.0\Modules\"/>
  </properties>
  <testcase name="dependencies" classname="Registeration" time="33.354">
    <failure message="An unknown server-side error occurred while processing the command. Original error: Could not find a connected Android device. (WARNING: The server did not provide any stacktrace information)&#10;Command duration or timeout: 31.80 seconds&#10;Build info: version: &apos;3.9.1&apos;, revision: &apos;63f7b50&apos;, time: &apos;2018-02-07T22:25:02.294Z&apos;&#10;System info: host: &apos;MOHAMED-OSSAMA&apos;, ip: &apos;192.168.1.181&apos;, os.name: &apos;Windows 8.1&apos;, os.arch: &apos;amd64&apos;, os.version: &apos;6.3&apos;, java.version: &apos;1.8.0_151&apos;&#10;Driver info: driver.version: AndroidDriver" type="org.openqa.selenium.WebDriverException"><![CDATA[org.openqa.selenium.WebDriverException: An unknown server-side error occurred while processing the command. Original error: Could not find a connected Android device. (WARNING: The server did not provide any stacktrace information)
Command duration or timeout: 31.80 seconds
Build info: version: '3.9.1', revision: '63f7b50', time: '2018-02-07T22:25:02.294Z'
System info: host: 'MOHAMED-OSSAMA', ip: '192.168.1.181', os.name: 'Windows 8.1', os.arch: 'amd64', os.version: '6.3', java.version: '1.8.0_151'
Driver info: driver.version: AndroidDriver
	at sun.reflect.NativeConstructorAccessorImpl.newInstance0(Native Method)
	at sun.reflect.NativeConstructorAccessorImpl.newInstance(NativeConstructorAccessorImpl.java:62)
	at sun.reflect.DelegatingConstructorAccessorImpl.newInstance(DelegatingConstructorAccessorImpl.java:45)
	at java.lang.reflect.Constructor.newInstance(Constructor.java:423)
	at org.openqa.selenium.remote.ErrorHandler.createThrowable(ErrorHandler.java:214)
	at org.openqa.selenium.remote.ErrorHandler.throwIfResponseFailed(ErrorHandler.java:166)
	at org.openqa.selenium.remote.JsonWireProtocolResponse.lambda$new$0(JsonWireProtocolResponse.java:53)
	at org.openqa.selenium.remote.JsonWireProtocolResponse.lambda$getResponseFunction$2(JsonWireProtocolResponse.java:91)
	at org.openqa.selenium.remote.ProtocolHandshake.lambda$createSession$0(ProtocolHandshake.java:123)
	at java.util.stream.ReferencePipeline$3$1.accept(ReferencePipeline.java:193)
	at java.util.Spliterators$ArraySpliterator.tryAdvance(Spliterators.java:958)
	at java.util.stream.ReferencePipeline.forEachWithCancel(ReferencePipeline.java:126)
	at java.util.stream.AbstractPipeline.copyIntoWithCancel(AbstractPipeline.java:498)
	at java.util.stream.AbstractPipeline.copyInto(AbstractPipeline.java:485)
	at java.util.stream.AbstractPipeline.wrapAndCopyInto(AbstractPipeline.java:471)
	at java.util.stream.FindOps$FindOp.evaluateSequential(FindOps.java:152)
	at java.util.stream.AbstractPipeline.evaluate(AbstractPipeline.java:234)
	at java.util.stream.ReferencePipeline.findFirst(ReferencePipeline.java:464)
	at org.openqa.selenium.remote.ProtocolHandshake.createSession(ProtocolHandshake.java:126)
	at org.openqa.selenium.remote.ProtocolHandshake.createSession(ProtocolHandshake.java:73)
	at org.openqa.selenium.remote.HttpCommandExecutor.execute(HttpCommandExecutor.java:138)
	at io.appium.java_client.remote.AppiumCommandExecutor.execute(AppiumCommandExecutor.java:129)
	at org.openqa.selenium.remote.RemoteWebDriver.execute(RemoteWebDriver.java:601)
	at io.appium.java_client.DefaultGenericMobileDriver.execute(DefaultGenericMobileDriver.java:42)
	at io.appium.java_client.AppiumDriver.execute(AppiumDriver.java:1)
	at io.appium.java_client.android.AndroidDriver.execute(AndroidDriver.java:1)
	at org.openqa.selenium.remote.RemoteWebDriver.startSession(RemoteWebDriver.java:219)
	at org.openqa.selenium.remote.RemoteWebDriver.<init>(RemoteWebDriver.java:142)
	at io.appium.java_client.DefaultGenericMobileDriver.<init>(DefaultGenericMobileDriver.java:38)
	at io.appium.java_client.AppiumDriver.<init>(AppiumDriver.java:84)
	at io.appium.java_client.AppiumDriver.<init>(AppiumDriver.java:94)
	at io.appium.java_client.android.AndroidDriver.<init>(AndroidDriver.java:79)
	at base.dependencies(base.java:39)
	at sun.reflect.NativeMethodAccessorImpl.invoke0(Native Method)
	at sun.reflect.NativeMethodAccessorImpl.invoke(NativeMethodAccessorImpl.java:62)
	at sun.reflect.DelegatingMethodAccessorImpl.invoke(DelegatingMethodAccessorImpl.java:43)
	at java.lang.reflect.Method.invoke(Method.java:498)
	at org.testng.internal.MethodInvocationHelper.invokeMethod(MethodInvocationHelper.java:124)
	at org.testng.internal.MethodInvocationHelper.invokeMethodConsideringTimeout(MethodInvocationHelper.java:59)
	at org.testng.internal.Invoker.invokeConfigurationMethod(Invoker.java:458)
	at org.testng.internal.Invoker.invokeConfigurations(Invoker.java:222)
	at org.testng.internal.Invoker.invokeConfigurations(Invoker.java:142)
	at org.testng.TestRunner.beforeRun(TestRunner.java:529)
	at org.testng.TestRunner.run(TestRunner.java:497)
	at org.testng.SuiteRunner.runTest(SuiteRunner.java:455)
	at org.testng.SuiteRunner.runSequentially(SuiteRunner.java:450)
	at org.testng.SuiteRunner.privateRun(SuiteRunner.java:415)
	at org.testng.SuiteRunner.run(SuiteRunner.java:364)
	at org.testng.SuiteRunnerWorker.runSuite(SuiteRunnerWorker.java:52)
	at org.testng.SuiteRunnerWorker.run(SuiteRunnerWorker.java:84)
	at org.testng.TestNG.runSuitesSequentially(TestNG.java:1208)
	at org.testng.TestNG.runSuitesLocally(TestNG.java:1137)
	at org.testng.TestNG.runSuites(TestNG.java:1049)
	at org.testng.TestNG.run(TestNG.java:1017)
	at org.apache.maven.surefire.testng.TestNGExecutor.run(TestNGExecutor.java:293)
	at org.apache.maven.surefire.testng.TestNGXmlTestSuite.execute(TestNGXmlTestSuite.java:84)
	at org.apache.maven.surefire.testng.TestNGProvider.invoke(TestNGProvider.java:91)
	at sun.reflect.NativeMethodAccessorImpl.invoke0(Native Method)
	at sun.reflect.NativeMethodAccessorImpl.invoke(NativeMethodAccessorImpl.java:62)
	at sun.reflect.DelegatingMethodAccessorImpl.invoke(DelegatingMethodAccessorImpl.java:43)
	at java.lang.reflect.Method.invoke(Method.java:498)
	at org.apache.maven.surefire.util.ReflectionUtils.invokeMethodWithArray2(ReflectionUtils.java:208)
	at org.apache.maven.surefire.booter.ProviderFactory$ProviderProxy.invoke(ProviderFactory.java:156)
	at org.apache.maven.surefire.booter.ProviderFactory.invokeProvider(ProviderFactory.java:82)
	at org.apache.maven.plugin.surefire.InPluginVMSurefireStarter.runSuitesInProcess(InPluginVMSurefireStarter.java:82)
	at org.apache.maven.plugin.surefire.AbstractSurefireMojo.executeProvider(AbstractSurefireMojo.java:951)
	at org.apache.maven.plugin.surefire.AbstractSurefireMojo.executeAfterPreconditionsChecked(AbstractSurefireMojo.java:831)
	at org.apache.maven.plugin.surefire.AbstractSurefireMojo.execute(AbstractSurefireMojo.java:729)
	at org.apache.maven.plugin.DefaultBuildPluginManager.executeMojo(DefaultBuildPluginManager.java:137)
	at org.apache.maven.lifecycle.internal.MojoExecutor.execute(MojoExecutor.java:208)
	at org.apache.maven.lifecycle.internal.MojoExecutor.execute(MojoExecutor.java:154)
	at org.apache.maven.lifecycle.internal.MojoExecutor.execute(MojoExecutor.java:146)
	at org.apache.maven.lifecycle.internal.LifecycleModuleBuilder.buildProject(LifecycleModuleBuilder.java:117)
	at org.apache.maven.lifecycle.internal.LifecycleModuleBuilder.buildProject(LifecycleModuleBuilder.java:81)
	at org.apache.maven.lifecycle.internal.builder.singlethreaded.SingleThreadedBuilder.build(SingleThreadedBuilder.java:56)
	at org.apache.maven.lifecycle.internal.LifecycleStarter.execute(LifecycleStarter.java:128)
	at org.apache.maven.DefaultMaven.doExecute(DefaultMaven.java:305)
	at org.apache.maven.DefaultMaven.doExecute(DefaultMaven.java:192)
	at org.apache.maven.DefaultMaven.execute(DefaultMaven.java:105)
	at org.jvnet.hudson.maven3.launcher.Maven35Launcher.main(Maven35Launcher.java:130)
	at sun.reflect.NativeMethodAccessorImpl.invoke0(Native Method)
	at sun.reflect.NativeMethodAccessorImpl.invoke(NativeMethodAccessorImpl.java:62)
	at sun.reflect.DelegatingMethodAccessorImpl.invoke(DelegatingMethodAccessorImpl.java:43)
	at java.lang.reflect.Method.invoke(Method.java:498)
	at org.codehaus.plexus.classworlds.launcher.Launcher.launchEnhanced(Launcher.java:289)
	at org.codehaus.plexus.classworlds.launcher.Launcher.launch(Launcher.java:229)
	at jenkins.maven3.agent.Maven35Main.launch(Maven35Main.java:176)
	at sun.reflect.NativeMethodAccessorImpl.invoke0(Native Method)
	at sun.reflect.NativeMethodAccessorImpl.invoke(NativeMethodAccessorImpl.java:62)
	at sun.reflect.DelegatingMethodAccessorImpl.invoke(DelegatingMethodAccessorImpl.java:43)
	at java.lang.reflect.Method.invoke(Method.java:498)
	at hudson.maven.Maven3Builder.call(Maven3Builder.java:139)
	at hudson.maven.Maven3Builder.call(Maven3Builder.java:70)
	at hudson.remoting.UserRequest.perform(UserRequest.java:210)
	at hudson.remoting.UserRequest.perform(UserRequest.java:53)
	at hudson.remoting.Request$2.run(Request.java:364)
	at hudson.remoting.InterceptingExecutorService$1.call(InterceptingExecutorService.java:72)
	at java.util.concurrent.FutureTask.run(FutureTask.java:266)
	at java.util.concurrent.ThreadPoolExecutor.runWorker(ThreadPoolExecutor.java:1149)
	at java.util.concurrent.ThreadPoolExecutor$Worker.run(ThreadPoolExecutor.java:624)
	at java.lang.Thread.run(Thread.java:748)
]]></failure>
  </testcase>
  <testcase name="N_Try_to_input_wrong_mobile_number" classname="Registeration" time="0">
    <skipped/>
  </testcase>
</testsuite>